[debug] [2021-10-21T07:22:00.490Z] ----------------------------------------------------------------------
[debug] [2021-10-21T07:22:00.493Z] Command:       C:\Program Files\nodejs\node.exe C:\Users\sherevera\AppData\Roaming\npm\node_modules\firebase-tools\lib\bin\firebase.js emulators:start --only functions
[debug] [2021-10-21T07:22:00.493Z] CLI Version:   9.20.0
[debug] [2021-10-21T07:22:00.493Z] Platform:      win32
[debug] [2021-10-21T07:22:00.493Z] Node Version:  v12.16.3
[debug] [2021-10-21T07:22:00.544Z] Time:          Thu Oct 21 2021 10:22:00 GMT+0300 (GMT+03:00)
[debug] [2021-10-21T07:22:00.544Z] ----------------------------------------------------------------------
[debug] 
[debug] [2021-10-21T07:22:00.703Z] > command requires scopes: ["email","openid","https://www.googleapis.com/auth/cloudplatformprojects.readonly","https://www.googleapis.com/auth/firebase","https://www.googleapis.com/auth/cloud-platform"]
[debug] [2021-10-21T07:22:00.704Z] > authorizing via signed-in user (domask1989@gmail.com)
[info] i  emulators: Starting emulators: functions {"metadata":{"emulator":{"name":"hub"},"message":"Starting emulators: functions"}}
[debug] [2021-10-21T07:22:01.755Z] [hub] writing locator at C:\Users\SHEREV~1\AppData\Local\Temp\hub-ecommerce-furniture-fe321.json
[warn] !  functions: The following emulators are not running, calls to these services from the Functions emulator will affect production: auth, firestore, database, hosting, pubsub, storage {"metadata":{"emulator":{"name":"functions"},"message":"The following emulators are not running, calls to these services from the Functions emulator will affect production: \u001b[1mauth, firestore, database, hosting, pubsub, storage\u001b[22m"}}
[info] +  functions: Using node@12 from host. {"metadata":{"emulator":{"name":"functions"},"message":"Using node@12 from host."}}
[debug] [2021-10-21T07:22:03.009Z] defaultcredentials: writing to file C:\Users\sherevera\AppData\Roaming\firebase\domask1989_gmail_com_application_default_credentials.json
[debug] [2021-10-21T07:22:03.012Z] Setting GAC to C:\Users\sherevera\AppData\Roaming\firebase\domask1989_gmail_com_application_default_credentials.json {"metadata":{"emulator":{"name":"functions"},"message":"Setting GAC to C:\\Users\\sherevera\\AppData\\Roaming\\firebase\\domask1989_gmail_com_application_default_credentials.json"}}
[debug] [2021-10-21T07:22:03.014Z] > refreshing access token with scopes: []
[debug] [2021-10-21T07:22:03.015Z] >>> HTTP REQUEST POST https://www.googleapis.com/oauth2/v3/token  
 <request body omitted>
[debug] [2021-10-21T07:22:03.061Z] <<< HTTP RESPONSE 200 {"expires":"Mon, 01 Jan 1990 00:00:00 GMT","date":"Thu, 21 Oct 2021 07:22:04 GMT","cache-control":"no-cache, no-store, max-age=0, must-revalidate","pragma":"no-cache","content-type":"application/json; charset=utf-8","vary":"X-Origin, Referer, Origin,Accept-Encoding","server":"scaffolding on HTTPServer2","x-xss-protection":"0","x-frame-options":"SAMEORIGIN","x-content-type-options":"nosniff","alt-svc":"h3=\":443\"; ma=2592000,h3-29=\":443\"; ma=2592000,h3-T051=\":443\"; ma=2592000,h3-Q050=\":443\"; ma=2592000,h3-Q046=\":443\"; ma=2592000,h3-Q043=\":443\"; ma=2592000,quic=\":443\"; ma=2592000; v=\"46,43\"","accept-ranges":"none","transfer-encoding":"chunked"}
[debug] [2021-10-21T07:22:03.117Z] >>> [apiv2][query] GET https://firebase.googleapis.com/v1beta1/projects/ecommerce-furniture-fe321/adminSdkConfig [none]
[debug] [2021-10-21T07:22:03.385Z] <<< [apiv2][status] GET https://firebase.googleapis.com/v1beta1/projects/ecommerce-furniture-fe321/adminSdkConfig 200
[debug] [2021-10-21T07:22:03.385Z] <<< [apiv2][body] GET https://firebase.googleapis.com/v1beta1/projects/ecommerce-furniture-fe321/adminSdkConfig {"projectId":"ecommerce-furniture-fe321","storageBucket":"ecommerce-furniture-fe321.appspot.com","locationId":"europe-west"}
[debug] [2021-10-21T07:22:05.474Z] Ignoring unsupported arg: auto_download {"metadata":{"emulator":{"name":"ui"},"message":"Ignoring unsupported arg: auto_download"}}
[debug] [2021-10-21T07:22:05.474Z] Ignoring unsupported arg: port {"metadata":{"emulator":{"name":"ui"},"message":"Ignoring unsupported arg: port"}}
[debug] [2021-10-21T07:22:05.474Z] Starting Emulator UI with command {"binary":"node","args":["C:\\Users\\sherevera\\.cache\\firebase\\emulators\\ui-v1.6.3\\server.bundle.js"],"optionalArgs":[],"joinArgs":false} {"metadata":{"emulator":{"name":"ui"},"message":"Starting Emulator UI with command {\"binary\":\"node\",\"args\":[\"C:\\\\Users\\\\sherevera\\\\.cache\\\\firebase\\\\emulators\\\\ui-v1.6.3\\\\server.bundle.js\"],\"optionalArgs\":[],\"joinArgs\":false}"}}
[info] i  ui: Emulator UI logging to ui-debug.log {"metadata":{"emulator":{"name":"ui"},"message":"Emulator UI logging to \u001b[1mui-debug.log\u001b[22m"}}
[debug] [2021-10-21T07:22:05.629Z] Web / API server started at localhost:4000
 {"metadata":{"emulator":{"name":"ui"},"message":"Web / API server started at localhost:4000\n"}}
[info] i  functions: Watching "C:\Users\sherevera\Desktop\ecommerce\functions" for Cloud Functions... {"metadata":{"emulator":{"name":"functions"},"message":"Watching \"C:\\Users\\sherevera\\Desktop\\ecommerce\\functions\" for Cloud Functions..."}}
[debug] [2021-10-21T07:22:06.034Z] [worker-pool] addWorker(~diagnostic~) {"metadata":{"emulator":{"name":"functions"},"message":"[worker-pool] addWorker(~diagnostic~)"}}
[debug] [2021-10-21T07:22:06.034Z] [worker-pool] Adding worker with key ~diagnostic~, total=1 {"metadata":{"emulator":{"name":"functions"},"message":"[worker-pool] Adding worker with key ~diagnostic~, total=1"}}
[debug] [2021-10-21T07:22:06.034Z] [worker-pool] submitWork(triggerId=) {"metadata":{"emulator":{"name":"functions"},"message":"[worker-pool] submitWork(triggerId=)"}}
[debug] [2021-10-21T07:22:06.035Z] [worker-~diagnostic~-6d3429c6-7582-41b5-8598-b94ad3df10e8]: Assigning socketPath: \\?\pipe\C:\Users\sherevera\Desktop\ecommerce\functions\3412 {"metadata":{"emulator":{"name":"functions"},"message":"[worker-~diagnostic~-6d3429c6-7582-41b5-8598-b94ad3df10e8]: Assigning socketPath: \\\\?\\pipe\\C:\\Users\\sherevera\\Desktop\\ecommerce\\functions\\3412"}}
[debug] [2021-10-21T07:22:06.036Z] [worker-~diagnostic~-6d3429c6-7582-41b5-8598-b94ad3df10e8]: BUSY {"metadata":{"emulator":{"name":"functions"},"message":"[worker-~diagnostic~-6d3429c6-7582-41b5-8598-b94ad3df10e8]: BUSY"}}
[debug] [2021-10-21T07:22:06.347Z] [runtime-status] [3412] Functions runtime initialized. {"cwd":"C:\\Users\\sherevera\\Desktop\\ecommerce\\functions","node_version":"12.16.3"} {"metadata":{"emulator":{"name":"functions"},"message":"[runtime-status] [3412] Functions runtime initialized. {\"cwd\":\"C:\\\\Users\\\\sherevera\\\\Desktop\\\\ecommerce\\\\functions\",\"node_version\":\"12.16.3\"}"}}
[debug] [2021-10-21T07:22:06.349Z] [runtime-status] [3412] Disabled runtime features: undefined {"metadata":{"emulator":{"name":"functions"},"message":"[runtime-status] [3412] Disabled runtime features: undefined"}}
[debug] [2021-10-21T07:22:06.362Z] [runtime-status] [3412] Resolved module firebase-admin {"declared":true,"installed":true,"version":"9.12.0","resolution":"C:\\Users\\sherevera\\Desktop\\ecommerce\\functions\\node_modules\\firebase-admin\\lib\\index.js"} {"metadata":{"emulator":{"name":"functions"},"message":"[runtime-status] [3412] Resolved module firebase-admin {\"declared\":true,\"installed\":true,\"version\":\"9.12.0\",\"resolution\":\"C:\\\\Users\\\\sherevera\\\\Desktop\\\\ecommerce\\\\functions\\\\node_modules\\\\firebase-admin\\\\lib\\\\index.js\"}"}}
[debug] [2021-10-21T07:22:06.381Z] [runtime-status] [3412] Resolved module firebase-functions {"declared":true,"installed":true,"version":"3.15.7","resolution":"C:\\Users\\sherevera\\Desktop\\ecommerce\\functions\\node_modules\\firebase-functions\\lib\\index.js"} {"metadata":{"emulator":{"name":"functions"},"message":"[runtime-status] [3412] Resolved module firebase-functions {\"declared\":true,\"installed\":true,\"version\":\"3.15.7\",\"resolution\":\"C:\\\\Users\\\\sherevera\\\\Desktop\\\\ecommerce\\\\functions\\\\node_modules\\\\firebase-functions\\\\lib\\\\index.js\"}"}}
[debug] [2021-10-21T07:22:06.384Z] [runtime-status] [3412] Outgoing network have been stubbed. [{"name":"http","status":"mocked"},{"name":"http","status":"mocked"},{"name":"https","status":"mocked"},{"name":"https","status":"mocked"},{"name":"net","status":"mocked"}] {"metadata":{"emulator":{"name":"functions"},"message":"[runtime-status] [3412] Outgoing network have been stubbed. [{\"name\":\"http\",\"status\":\"mocked\"},{\"name\":\"http\",\"status\":\"mocked\"},{\"name\":\"https\",\"status\":\"mocked\"},{\"name\":\"https\",\"status\":\"mocked\"},{\"name\":\"net\",\"status\":\"mocked\"}]"}}
[debug] [2021-10-21T07:22:06.385Z] [runtime-status] [3412] Resolved module firebase-functions {"declared":true,"installed":true,"version":"3.15.7","resolution":"C:\\Users\\sherevera\\Desktop\\ecommerce\\functions\\node_modules\\firebase-functions\\lib\\index.js"} {"metadata":{"emulator":{"name":"functions"},"message":"[runtime-status] [3412] Resolved module firebase-functions {\"declared\":true,\"installed\":true,\"version\":\"3.15.7\",\"resolution\":\"C:\\\\Users\\\\sherevera\\\\Desktop\\\\ecommerce\\\\functions\\\\node_modules\\\\firebase-functions\\\\lib\\\\index.js\"}"}}
[debug] [2021-10-21T07:22:06.941Z] [runtime-status] [3412] Checked functions.config() {"config":{}} {"metadata":{"emulator":{"name":"functions"},"message":"[runtime-status] [3412] Checked functions.config() {\"config\":{}}"}}
[debug] [2021-10-21T07:22:06.942Z] [runtime-status] [3412] firebase-functions has been stubbed. {"functionsResolution":{"declared":true,"installed":true,"version":"3.15.7","resolution":"C:\\Users\\sherevera\\Desktop\\ecommerce\\functions\\node_modules\\firebase-functions\\lib\\index.js"}} {"metadata":{"emulator":{"name":"functions"},"message":"[runtime-status] [3412] firebase-functions has been stubbed. {\"functionsResolution\":{\"declared\":true,\"installed\":true,\"version\":\"3.15.7\",\"resolution\":\"C:\\\\Users\\\\sherevera\\\\Desktop\\\\ecommerce\\\\functions\\\\node_modules\\\\firebase-functions\\\\lib\\\\index.js\"}}"}}
[debug] [2021-10-21T07:22:06.942Z] [runtime-status] [3412] Resolved module firebase-functions {"declared":true,"installed":true,"version":"3.15.7","resolution":"C:\\Users\\sherevera\\Desktop\\ecommerce\\functions\\node_modules\\firebase-functions\\lib\\index.js"} {"metadata":{"emulator":{"name":"functions"},"message":"[runtime-status] [3412] Resolved module firebase-functions {\"declared\":true,\"installed\":true,\"version\":\"3.15.7\",\"resolution\":\"C:\\\\Users\\\\sherevera\\\\Desktop\\\\ecommerce\\\\functions\\\\node_modules\\\\firebase-functions\\\\lib\\\\index.js\"}"}}
[debug] [2021-10-21T07:22:06.943Z] [runtime-status] [3412] Resolved module firebase-admin {"declared":true,"installed":true,"version":"9.12.0","resolution":"C:\\Users\\sherevera\\Desktop\\ecommerce\\functions\\node_modules\\firebase-admin\\lib\\index.js"} {"metadata":{"emulator":{"name":"functions"},"message":"[runtime-status] [3412] Resolved module firebase-admin {\"declared\":true,\"installed\":true,\"version\":\"9.12.0\",\"resolution\":\"C:\\\\Users\\\\sherevera\\\\Desktop\\\\ecommerce\\\\functions\\\\node_modules\\\\firebase-admin\\\\lib\\\\index.js\"}"}}
[debug] [2021-10-21T07:22:06.944Z] [runtime-status] [3412] Resolved module firebase-functions {"declared":true,"installed":true,"version":"3.15.7","resolution":"C:\\Users\\sherevera\\Desktop\\ecommerce\\functions\\node_modules\\firebase-functions\\lib\\index.js"} {"metadata":{"emulator":{"name":"functions"},"message":"[runtime-status] [3412] Resolved module firebase-functions {\"declared\":true,\"installed\":true,\"version\":\"3.15.7\",\"resolution\":\"C:\\\\Users\\\\sherevera\\\\Desktop\\\\ecommerce\\\\functions\\\\node_modules\\\\firebase-functions\\\\lib\\\\index.js\"}"}}
[debug] [2021-10-21T07:22:06.944Z] [runtime-status] [3412] firebase-admin has been stubbed. {"adminResolution":{"declared":true,"installed":true,"version":"9.12.0","resolution":"C:\\Users\\sherevera\\Desktop\\ecommerce\\functions\\node_modules\\firebase-admin\\lib\\index.js"}} {"metadata":{"emulator":{"name":"functions"},"message":"[runtime-status] [3412] firebase-admin has been stubbed. {\"adminResolution\":{\"declared\":true,\"installed\":true,\"version\":\"9.12.0\",\"resolution\":\"C:\\\\Users\\\\sherevera\\\\Desktop\\\\ecommerce\\\\functions\\\\node_modules\\\\firebase-admin\\\\lib\\\\index.js\"}}"}}
[info] +  functions[us-central1-api]: http function initialized (http://localhost:5001/ecommerce-furniture-fe321/us-central1/api). {"metadata":{"emulator":{"name":"functions"},"message":"\u001b[1mhttp\u001b[22m function initialized (http://localhost:5001/ecommerce-furniture-fe321/us-central1/api)."}}
[info] 
┌─────────────────────────────────────────────────────────────┐
│ ✔  All emulators ready! It is now safe to connect your app. │
│ i  View Emulator UI at http://localhost:4000                │
└─────────────────────────────────────────────────────────────┘

┌───────────┬────────────────┬─────────────────────────────────┐
│ Emulator  │ Host:Port      │ View in Emulator UI             │
├───────────┼────────────────┼─────────────────────────────────┤
│ Functions │ localhost:5001 │ http://localhost:4000/functions │
└───────────┴────────────────┴─────────────────────────────────┘
  Emulator Hub running at localhost:4400
  Other reserved ports: 4500

Issues? Report them at https://github.com/firebase/firebase-tools/issues and attach the *-debug.log files.
 
[debug] [2021-10-21T07:22:09.327Z] [worker-~diagnostic~-6d3429c6-7582-41b5-8598-b94ad3df10e8]: IDLE {"metadata":{"emulator":{"name":"functions"},"message":"[worker-~diagnostic~-6d3429c6-7582-41b5-8598-b94ad3df10e8]: IDLE"}}
[debug] [2021-10-21T07:22:30.046Z] [work-queue] {"queueLength":1,"workRunningCount":0}
[debug] [2021-10-21T07:22:30.047Z] [work-queue] {"queueLength":0,"workRunningCount":1}
[debug] [2021-10-21T07:22:30.047Z] Accepted request OPTIONS /ecommerce-furniture-fe321/us-central1/api/payment/create --> us-central1-api
[debug] [2021-10-21T07:22:30.056Z] [worker-pool] addWorker(us-central1-api) {"metadata":{"emulator":{"name":"functions"},"message":"[worker-pool] addWorker(us-central1-api)"}}
[debug] [2021-10-21T07:22:30.056Z] [worker-pool] Adding worker with key us-central1-api, total=1 {"metadata":{"emulator":{"name":"functions"},"message":"[worker-pool] Adding worker with key us-central1-api, total=1"}}
[debug] [2021-10-21T07:22:30.056Z] [worker-pool] submitWork(triggerId=us-central1-api) {"metadata":{"emulator":{"name":"functions"},"message":"[worker-pool] submitWork(triggerId=us-central1-api)"}}
[debug] [2021-10-21T07:22:30.057Z] [worker-us-central1-api-739bce55-d4ee-4f06-8a9f-2045475997eb]: Assigning socketPath: \\?\pipe\C:\Users\sherevera\Desktop\ecommerce\functions\6584 {"metadata":{"emulator":{"name":"functions"},"message":"[worker-us-central1-api-739bce55-d4ee-4f06-8a9f-2045475997eb]: Assigning socketPath: \\\\?\\pipe\\C:\\Users\\sherevera\\Desktop\\ecommerce\\functions\\6584"}}
[debug] [2021-10-21T07:22:30.057Z] [worker-us-central1-api-739bce55-d4ee-4f06-8a9f-2045475997eb]: BUSY {"metadata":{"emulator":{"name":"functions"},"message":"[worker-us-central1-api-739bce55-d4ee-4f06-8a9f-2045475997eb]: BUSY"}}
[debug] [2021-10-21T07:22:30.300Z] [runtime-status] [6584] Functions runtime initialized. {"cwd":"C:\\Users\\sherevera\\Desktop\\ecommerce\\functions","node_version":"12.16.3"} {"metadata":{"emulator":{"name":"functions"},"function":{"name":"us-central1-api"},"message":"[runtime-status] [6584] Functions runtime initialized. {\"cwd\":\"C:\\\\Users\\\\sherevera\\\\Desktop\\\\ecommerce\\\\functions\",\"node_version\":\"12.16.3\"}"}}
[debug] [2021-10-21T07:22:30.301Z] [runtime-status] [6584] Disabled runtime features: undefined {"metadata":{"emulator":{"name":"functions"},"function":{"name":"us-central1-api"},"message":"[runtime-status] [6584] Disabled runtime features: undefined"}}
[debug] [2021-10-21T07:22:30.304Z] [runtime-status] [6584] Resolved module firebase-admin {"declared":true,"installed":true,"version":"9.12.0","resolution":"C:\\Users\\sherevera\\Desktop\\ecommerce\\functions\\node_modules\\firebase-admin\\lib\\index.js"} {"metadata":{"emulator":{"name":"functions"},"function":{"name":"us-central1-api"},"message":"[runtime-status] [6584] Resolved module firebase-admin {\"declared\":true,\"installed\":true,\"version\":\"9.12.0\",\"resolution\":\"C:\\\\Users\\\\sherevera\\\\Desktop\\\\ecommerce\\\\functions\\\\node_modules\\\\firebase-admin\\\\lib\\\\index.js\"}"}}
[debug] [2021-10-21T07:22:30.306Z] [runtime-status] [6584] Resolved module firebase-functions {"declared":true,"installed":true,"version":"3.15.7","resolution":"C:\\Users\\sherevera\\Desktop\\ecommerce\\functions\\node_modules\\firebase-functions\\lib\\index.js"} {"metadata":{"emulator":{"name":"functions"},"function":{"name":"us-central1-api"},"message":"[runtime-status] [6584] Resolved module firebase-functions {\"declared\":true,\"installed\":true,\"version\":\"3.15.7\",\"resolution\":\"C:\\\\Users\\\\sherevera\\\\Desktop\\\\ecommerce\\\\functions\\\\node_modules\\\\firebase-functions\\\\lib\\\\index.js\"}"}}
[debug] [2021-10-21T07:22:30.308Z] [runtime-status] [6584] Outgoing network have been stubbed. [{"name":"http","status":"mocked"},{"name":"http","status":"mocked"},{"name":"https","status":"mocked"},{"name":"https","status":"mocked"},{"name":"net","status":"mocked"}] {"metadata":{"emulator":{"name":"functions"},"function":{"name":"us-central1-api"},"message":"[runtime-status] [6584] Outgoing network have been stubbed. [{\"name\":\"http\",\"status\":\"mocked\"},{\"name\":\"http\",\"status\":\"mocked\"},{\"name\":\"https\",\"status\":\"mocked\"},{\"name\":\"https\",\"status\":\"mocked\"},{\"name\":\"net\",\"status\":\"mocked\"}]"}}
[debug] [2021-10-21T07:22:30.309Z] [runtime-status] [6584] Resolved module firebase-functions {"declared":true,"installed":true,"version":"3.15.7","resolution":"C:\\Users\\sherevera\\Desktop\\ecommerce\\functions\\node_modules\\firebase-functions\\lib\\index.js"} {"metadata":{"emulator":{"name":"functions"},"function":{"name":"us-central1-api"},"message":"[runtime-status] [6584] Resolved module firebase-functions {\"declared\":true,\"installed\":true,\"version\":\"3.15.7\",\"resolution\":\"C:\\\\Users\\\\sherevera\\\\Desktop\\\\ecommerce\\\\functions\\\\node_modules\\\\firebase-functions\\\\lib\\\\index.js\"}"}}
[debug] [2021-10-21T07:22:30.362Z] [runtime-status] [6584] Checked functions.config() {"config":{}} {"metadata":{"emulator":{"name":"functions"},"function":{"name":"us-central1-api"},"message":"[runtime-status] [6584] Checked functions.config() {\"config\":{}}"}}
[debug] [2021-10-21T07:22:30.362Z] [runtime-status] [6584] firebase-functions has been stubbed. {"functionsResolution":{"declared":true,"installed":true,"version":"3.15.7","resolution":"C:\\Users\\sherevera\\Desktop\\ecommerce\\functions\\node_modules\\firebase-functions\\lib\\index.js"}} {"metadata":{"emulator":{"name":"functions"},"function":{"name":"us-central1-api"},"message":"[runtime-status] [6584] firebase-functions has been stubbed. {\"functionsResolution\":{\"declared\":true,\"installed\":true,\"version\":\"3.15.7\",\"resolution\":\"C:\\\\Users\\\\sherevera\\\\Desktop\\\\ecommerce\\\\functions\\\\node_modules\\\\firebase-functions\\\\lib\\\\index.js\"}}"}}
[debug] [2021-10-21T07:22:30.363Z] [runtime-status] [6584] Resolved module firebase-functions {"declared":true,"installed":true,"version":"3.15.7","resolution":"C:\\Users\\sherevera\\Desktop\\ecommerce\\functions\\node_modules\\firebase-functions\\lib\\index.js"} {"metadata":{"emulator":{"name":"functions"},"function":{"name":"us-central1-api"},"message":"[runtime-status] [6584] Resolved module firebase-functions {\"declared\":true,\"installed\":true,\"version\":\"3.15.7\",\"resolution\":\"C:\\\\Users\\\\sherevera\\\\Desktop\\\\ecommerce\\\\functions\\\\node_modules\\\\firebase-functions\\\\lib\\\\index.js\"}"}}
[debug] [2021-10-21T07:22:30.364Z] [runtime-status] [6584] Resolved module firebase-admin {"declared":true,"installed":true,"version":"9.12.0","resolution":"C:\\Users\\sherevera\\Desktop\\ecommerce\\functions\\node_modules\\firebase-admin\\lib\\index.js"} {"metadata":{"emulator":{"name":"functions"},"function":{"name":"us-central1-api"},"message":"[runtime-status] [6584] Resolved module firebase-admin {\"declared\":true,\"installed\":true,\"version\":\"9.12.0\",\"resolution\":\"C:\\\\Users\\\\sherevera\\\\Desktop\\\\ecommerce\\\\functions\\\\node_modules\\\\firebase-admin\\\\lib\\\\index.js\"}"}}
[debug] [2021-10-21T07:22:30.365Z] [runtime-status] [6584] Resolved module firebase-functions {"declared":true,"installed":true,"version":"3.15.7","resolution":"C:\\Users\\sherevera\\Desktop\\ecommerce\\functions\\node_modules\\firebase-functions\\lib\\index.js"} {"metadata":{"emulator":{"name":"functions"},"function":{"name":"us-central1-api"},"message":"[runtime-status] [6584] Resolved module firebase-functions {\"declared\":true,\"installed\":true,\"version\":\"3.15.7\",\"resolution\":\"C:\\\\Users\\\\sherevera\\\\Desktop\\\\ecommerce\\\\functions\\\\node_modules\\\\firebase-functions\\\\lib\\\\index.js\"}"}}
[debug] [2021-10-21T07:22:30.365Z] [runtime-status] [6584] firebase-admin has been stubbed. {"adminResolution":{"declared":true,"installed":true,"version":"9.12.0","resolution":"C:\\Users\\sherevera\\Desktop\\ecommerce\\functions\\node_modules\\firebase-admin\\lib\\index.js"}} {"metadata":{"emulator":{"name":"functions"},"function":{"name":"us-central1-api"},"message":"[runtime-status] [6584] firebase-admin has been stubbed. {\"adminResolution\":{\"declared\":true,\"installed\":true,\"version\":\"9.12.0\",\"resolution\":\"C:\\\\Users\\\\sherevera\\\\Desktop\\\\ecommerce\\\\functions\\\\node_modules\\\\firebase-admin\\\\lib\\\\index.js\"}}"}}
[debug] [2021-10-21T07:22:30.552Z] [runtime-status] [6584] Trigger "us-central1-api" has been found, beginning invocation! {"metadata":{"emulator":{"name":"functions"},"function":{"name":"us-central1-api"},"message":"[runtime-status] [6584] Trigger \"us-central1-api\" has been found, beginning invocation!"}}
[info] i  functions: Beginning execution of "us-central1-api" {"metadata":{"emulator":{"name":"functions"},"function":{"name":"us-central1-api"},"message":"Beginning execution of \"us-central1-api\""}}
[debug] [2021-10-21T07:22:30.554Z] [runtime-status] [6584] triggerDefinition {"httpsTrigger":{},"name":"api","entryPoint":"api","regions":["us-central1"],"region":"us-central1","id":"us-central1-api"} {"metadata":{"emulator":{"name":"functions"},"function":{"name":"us-central1-api"},"message":"[runtime-status] [6584] triggerDefinition {\"httpsTrigger\":{},\"name\":\"api\",\"entryPoint\":\"api\",\"regions\":[\"us-central1\"],\"region\":\"us-central1\",\"id\":\"us-central1-api\"}"}}
[debug] [2021-10-21T07:22:30.554Z] [runtime-status] [6584] Running us-central1-api in signature http {"metadata":{"emulator":{"name":"functions"},"function":{"name":"us-central1-api"},"message":"[runtime-status] [6584] Running us-central1-api in signature http"}}
[debug] [2021-10-21T07:22:30.558Z] [runtime-status] [6584] Attempting to listen to socketPath: \\?\pipe\C:\Users\sherevera\Desktop\ecommerce\functions\6584 {"metadata":{"emulator":{"name":"functions"},"function":{"name":"us-central1-api"},"message":"[runtime-status] [6584] Attempting to listen to socketPath: \\\\?\\pipe\\C:\\Users\\sherevera\\Desktop\\ecommerce\\functions\\6584"}}
[debug] [2021-10-21T07:22:30.561Z] [functions] Runtime ready! Sending request! {"metadata":{"emulator":{"name":"functions"},"message":"[functions] Runtime ready! Sending request!"}}
[debug] [2021-10-21T07:22:30.576Z] [functions] Got req.url=/ecommerce-furniture-fe321/us-central1/api/payment/create, mapping to path=/payment/create {"metadata":{"emulator":{"name":"functions"},"message":"[functions] Got req.url=/ecommerce-furniture-fe321/us-central1/api/payment/create, mapping to path=/payment/create"}}
[debug] [2021-10-21T07:22:30.583Z] [runtime-status] [6584] Ephemeral server handling OPTIONS request {"metadata":{"emulator":{"name":"functions"},"function":{"name":"us-central1-api"},"message":"[runtime-status] [6584] Ephemeral server handling OPTIONS request"}}
[debug] [2021-10-21T07:22:30.588Z] [runtime-status] [6584] Ephemeral server survived. {"metadata":{"emulator":{"name":"functions"},"function":{"name":"us-central1-api"},"message":"[runtime-status] [6584] Ephemeral server survived."}}
[debug] [2021-10-21T07:22:30.591Z] [work-queue] {"queueLength":1,"workRunningCount":1}
[debug] [2021-10-21T07:22:30.592Z] [work-queue] {"queueLength":0,"workRunningCount":2}
[debug] [2021-10-21T07:22:30.592Z] Accepted request POST /ecommerce-furniture-fe321/us-central1/api/payment/create --> us-central1-api
[debug] [2021-10-21T07:22:30.599Z] [worker-pool] addWorker(us-central1-api) {"metadata":{"emulator":{"name":"functions"},"message":"[worker-pool] addWorker(us-central1-api)"}}
[debug] [2021-10-21T07:22:30.600Z] [worker-pool] Adding worker with key us-central1-api, total=2 {"metadata":{"emulator":{"name":"functions"},"message":"[worker-pool] Adding worker with key us-central1-api, total=2"}}
[debug] [2021-10-21T07:22:30.600Z] [worker-pool] submitWork(triggerId=us-central1-api) {"metadata":{"emulator":{"name":"functions"},"message":"[worker-pool] submitWork(triggerId=us-central1-api)"}}
[debug] [2021-10-21T07:22:30.600Z] [worker-us-central1-api-aa65ddc1-2721-45b9-ac62-a6a3fd49a8e7]: Assigning socketPath: \\?\pipe\C:\Users\sherevera\Desktop\ecommerce\functions\1464 {"metadata":{"emulator":{"name":"functions"},"message":"[worker-us-central1-api-aa65ddc1-2721-45b9-ac62-a6a3fd49a8e7]: Assigning socketPath: \\\\?\\pipe\\C:\\Users\\sherevera\\Desktop\\ecommerce\\functions\\1464"}}
[debug] [2021-10-21T07:22:30.600Z] [worker-us-central1-api-aa65ddc1-2721-45b9-ac62-a6a3fd49a8e7]: BUSY {"metadata":{"emulator":{"name":"functions"},"message":"[worker-us-central1-api-aa65ddc1-2721-45b9-ac62-a6a3fd49a8e7]: BUSY"}}
[info] i  functions: Finished "us-central1-api" in ~1s {"metadata":{"emulator":{"name":"functions"},"function":{"name":"us-central1-api"},"message":"Finished \"us-central1-api\" in ~1s"}}
[debug] [2021-10-21T07:22:30.602Z] [worker-us-central1-api-739bce55-d4ee-4f06-8a9f-2045475997eb]: IDLE {"metadata":{"emulator":{"name":"functions"},"message":"[worker-us-central1-api-739bce55-d4ee-4f06-8a9f-2045475997eb]: IDLE"}}
[debug] [2021-10-21T07:22:30.602Z] [work-queue] {"queueLength":0,"workRunningCount":1}
[debug] [2021-10-21T07:22:30.830Z] [runtime-status] [1464] Functions runtime initialized. {"cwd":"C:\\Users\\sherevera\\Desktop\\ecommerce\\functions","node_version":"12.16.3"} {"metadata":{"emulator":{"name":"functions"},"function":{"name":"us-central1-api"},"message":"[runtime-status] [1464] Functions runtime initialized. {\"cwd\":\"C:\\\\Users\\\\sherevera\\\\Desktop\\\\ecommerce\\\\functions\",\"node_version\":\"12.16.3\"}"}}
[debug] [2021-10-21T07:22:30.832Z] [runtime-status] [1464] Disabled runtime features: undefined {"metadata":{"emulator":{"name":"functions"},"function":{"name":"us-central1-api"},"message":"[runtime-status] [1464] Disabled runtime features: undefined"}}
[debug] [2021-10-21T07:22:30.835Z] [runtime-status] [1464] Resolved module firebase-admin {"declared":true,"installed":true,"version":"9.12.0","resolution":"C:\\Users\\sherevera\\Desktop\\ecommerce\\functions\\node_modules\\firebase-admin\\lib\\index.js"} {"metadata":{"emulator":{"name":"functions"},"function":{"name":"us-central1-api"},"message":"[runtime-status] [1464] Resolved module firebase-admin {\"declared\":true,\"installed\":true,\"version\":\"9.12.0\",\"resolution\":\"C:\\\\Users\\\\sherevera\\\\Desktop\\\\ecommerce\\\\functions\\\\node_modules\\\\firebase-admin\\\\lib\\\\index.js\"}"}}
[debug] [2021-10-21T07:22:30.837Z] [runtime-status] [1464] Resolved module firebase-functions {"declared":true,"installed":true,"version":"3.15.7","resolution":"C:\\Users\\sherevera\\Desktop\\ecommerce\\functions\\node_modules\\firebase-functions\\lib\\index.js"} {"metadata":{"emulator":{"name":"functions"},"function":{"name":"us-central1-api"},"message":"[runtime-status] [1464] Resolved module firebase-functions {\"declared\":true,\"installed\":true,\"version\":\"3.15.7\",\"resolution\":\"C:\\\\Users\\\\sherevera\\\\Desktop\\\\ecommerce\\\\functions\\\\node_modules\\\\firebase-functions\\\\lib\\\\index.js\"}"}}
[debug] [2021-10-21T07:22:30.839Z] [runtime-status] [1464] Outgoing network have been stubbed. [{"name":"http","status":"mocked"},{"name":"http","status":"mocked"},{"name":"https","status":"mocked"},{"name":"https","status":"mocked"},{"name":"net","status":"mocked"}] {"metadata":{"emulator":{"name":"functions"},"function":{"name":"us-central1-api"},"message":"[runtime-status] [1464] Outgoing network have been stubbed. [{\"name\":\"http\",\"status\":\"mocked\"},{\"name\":\"http\",\"status\":\"mocked\"},{\"name\":\"https\",\"status\":\"mocked\"},{\"name\":\"https\",\"status\":\"mocked\"},{\"name\":\"net\",\"status\":\"mocked\"}]"}}
[debug] [2021-10-21T07:22:30.840Z] [runtime-status] [1464] Resolved module firebase-functions {"declared":true,"installed":true,"version":"3.15.7","resolution":"C:\\Users\\sherevera\\Desktop\\ecommerce\\functions\\node_modules\\firebase-functions\\lib\\index.js"} {"metadata":{"emulator":{"name":"functions"},"function":{"name":"us-central1-api"},"message":"[runtime-status] [1464] Resolved module firebase-functions {\"declared\":true,\"installed\":true,\"version\":\"3.15.7\",\"resolution\":\"C:\\\\Users\\\\sherevera\\\\Desktop\\\\ecommerce\\\\functions\\\\node_modules\\\\firebase-functions\\\\lib\\\\index.js\"}"}}
[debug] [2021-10-21T07:22:30.894Z] [runtime-status] [1464] Checked functions.config() {"config":{}} {"metadata":{"emulator":{"name":"functions"},"function":{"name":"us-central1-api"},"message":"[runtime-status] [1464] Checked functions.config() {\"config\":{}}"}}
[debug] [2021-10-21T07:22:30.894Z] [runtime-status] [1464] firebase-functions has been stubbed. {"functionsResolution":{"declared":true,"installed":true,"version":"3.15.7","resolution":"C:\\Users\\sherevera\\Desktop\\ecommerce\\functions\\node_modules\\firebase-functions\\lib\\index.js"}} {"metadata":{"emulator":{"name":"functions"},"function":{"name":"us-central1-api"},"message":"[runtime-status] [1464] firebase-functions has been stubbed. {\"functionsResolution\":{\"declared\":true,\"installed\":true,\"version\":\"3.15.7\",\"resolution\":\"C:\\\\Users\\\\sherevera\\\\Desktop\\\\ecommerce\\\\functions\\\\node_modules\\\\firebase-functions\\\\lib\\\\index.js\"}}"}}
[debug] [2021-10-21T07:22:30.894Z] [runtime-status] [1464] Resolved module firebase-functions {"declared":true,"installed":true,"version":"3.15.7","resolution":"C:\\Users\\sherevera\\Desktop\\ecommerce\\functions\\node_modules\\firebase-functions\\lib\\index.js"} {"metadata":{"emulator":{"name":"functions"},"function":{"name":"us-central1-api"},"message":"[runtime-status] [1464] Resolved module firebase-functions {\"declared\":true,\"installed\":true,\"version\":\"3.15.7\",\"resolution\":\"C:\\\\Users\\\\sherevera\\\\Desktop\\\\ecommerce\\\\functions\\\\node_modules\\\\firebase-functions\\\\lib\\\\index.js\"}"}}
[debug] [2021-10-21T07:22:30.896Z] [runtime-status] [1464] Resolved module firebase-admin {"declared":true,"installed":true,"version":"9.12.0","resolution":"C:\\Users\\sherevera\\Desktop\\ecommerce\\functions\\node_modules\\firebase-admin\\lib\\index.js"} {"metadata":{"emulator":{"name":"functions"},"function":{"name":"us-central1-api"},"message":"[runtime-status] [1464] Resolved module firebase-admin {\"declared\":true,\"installed\":true,\"version\":\"9.12.0\",\"resolution\":\"C:\\\\Users\\\\sherevera\\\\Desktop\\\\ecommerce\\\\functions\\\\node_modules\\\\firebase-admin\\\\lib\\\\index.js\"}"}}
[debug] [2021-10-21T07:22:30.897Z] [runtime-status] [1464] Resolved module firebase-functions {"declared":true,"installed":true,"version":"3.15.7","resolution":"C:\\Users\\sherevera\\Desktop\\ecommerce\\functions\\node_modules\\firebase-functions\\lib\\index.js"} {"metadata":{"emulator":{"name":"functions"},"function":{"name":"us-central1-api"},"message":"[runtime-status] [1464] Resolved module firebase-functions {\"declared\":true,\"installed\":true,\"version\":\"3.15.7\",\"resolution\":\"C:\\\\Users\\\\sherevera\\\\Desktop\\\\ecommerce\\\\functions\\\\node_modules\\\\firebase-functions\\\\lib\\\\index.js\"}"}}
[debug] [2021-10-21T07:22:30.897Z] [runtime-status] [1464] firebase-admin has been stubbed. {"adminResolution":{"declared":true,"installed":true,"version":"9.12.0","resolution":"C:\\Users\\sherevera\\Desktop\\ecommerce\\functions\\node_modules\\firebase-admin\\lib\\index.js"}} {"metadata":{"emulator":{"name":"functions"},"function":{"name":"us-central1-api"},"message":"[runtime-status] [1464] firebase-admin has been stubbed. {\"adminResolution\":{\"declared\":true,\"installed\":true,\"version\":\"9.12.0\",\"resolution\":\"C:\\\\Users\\\\sherevera\\\\Desktop\\\\ecommerce\\\\functions\\\\node_modules\\\\firebase-admin\\\\lib\\\\index.js\"}}"}}
[debug] [2021-10-21T07:22:31.086Z] [runtime-status] [1464] Trigger "us-central1-api" has been found, beginning invocation! {"metadata":{"emulator":{"name":"functions"},"function":{"name":"us-central1-api"},"message":"[runtime-status] [1464] Trigger \"us-central1-api\" has been found, beginning invocation!"}}
[info] i  functions: Beginning execution of "us-central1-api" {"metadata":{"emulator":{"name":"functions"},"function":{"name":"us-central1-api"},"message":"Beginning execution of \"us-central1-api\""}}
[debug] [2021-10-21T07:22:31.087Z] [runtime-status] [1464] triggerDefinition {"httpsTrigger":{},"name":"api","entryPoint":"api","regions":["us-central1"],"region":"us-central1","id":"us-central1-api"} {"metadata":{"emulator":{"name":"functions"},"function":{"name":"us-central1-api"},"message":"[runtime-status] [1464] triggerDefinition {\"httpsTrigger\":{},\"name\":\"api\",\"entryPoint\":\"api\",\"regions\":[\"us-central1\"],\"region\":\"us-central1\",\"id\":\"us-central1-api\"}"}}
[debug] [2021-10-21T07:22:31.087Z] [runtime-status] [1464] Running us-central1-api in signature http {"metadata":{"emulator":{"name":"functions"},"function":{"name":"us-central1-api"},"message":"[runtime-status] [1464] Running us-central1-api in signature http"}}
[debug] [2021-10-21T07:22:31.092Z] [runtime-status] [1464] Attempting to listen to socketPath: \\?\pipe\C:\Users\sherevera\Desktop\ecommerce\functions\1464 {"metadata":{"emulator":{"name":"functions"},"function":{"name":"us-central1-api"},"message":"[runtime-status] [1464] Attempting to listen to socketPath: \\\\?\\pipe\\C:\\Users\\sherevera\\Desktop\\ecommerce\\functions\\1464"}}
[debug] [2021-10-21T07:22:31.094Z] [functions] Runtime ready! Sending request! {"metadata":{"emulator":{"name":"functions"},"message":"[functions] Runtime ready! Sending request!"}}
[debug] [2021-10-21T07:22:31.095Z] [functions] Got req.url=/ecommerce-furniture-fe321/us-central1/api/payment/create, mapping to path=/payment/create {"metadata":{"emulator":{"name":"functions"},"message":"[functions] Got req.url=/ecommerce-furniture-fe321/us-central1/api/payment/create, mapping to path=/payment/create"}}
[debug] [2021-10-21T07:22:31.220Z] [runtime-status] [1464] Ephemeral server handling POST request {"metadata":{"emulator":{"name":"functions"},"function":{"name":"us-central1-api"},"message":"[runtime-status] [1464] Ephemeral server handling POST request"}}
[debug] [2021-10-21T07:22:31.238Z] [runtime-status] [1464] Ephemeral server survived. {"metadata":{"emulator":{"name":"functions"},"function":{"name":"us-central1-api"},"message":"[runtime-status] [1464] Ephemeral server survived."}}
[info] i  functions: Finished "us-central1-api" in ~1s {"metadata":{"emulator":{"name":"functions"},"function":{"name":"us-central1-api"},"message":"Finished \"us-central1-api\" in ~1s"}}
[debug] [2021-10-21T07:22:31.938Z] [worker-us-central1-api-aa65ddc1-2721-45b9-ac62-a6a3fd49a8e7]: IDLE {"metadata":{"emulator":{"name":"functions"},"message":"[worker-us-central1-api-aa65ddc1-2721-45b9-ac62-a6a3fd49a8e7]: IDLE"}}
[debug] [2021-10-21T07:22:31.939Z] [work-queue] {"queueLength":0,"workRunningCount":0}
